  stdafx.cpp
  serverbenchmark_base.cpp
  vote_controller.cpp
  EntityParticleTrail_Shared.cpp
  GameStats.cpp
  ModelSoundsCache.cpp
  SceneCache.cpp
  SoundEmitterSystem.cpp
  Sprite.cpp
  SpriteTrail.cpp
  achievement_saverestore.cpp
  achievementmgr.cpp
  achievements_hlx.cpp
  activitylist.cpp
  ammodef.cpp
  animation.cpp
  base_playeranimstate.cpp
  baseachievement.cpp
  basecombatcharacter_shared.cpp
  basecombatweapon_shared.cpp
  baseentity_shared.cpp
  basegrenade_shared.cpp
  baseparticleentity.cpp
  baseplayer_shared.cpp
  baseviewmodel_shared.cpp
  beam_shared.cpp
  collisionproperty.cpp
  death_pose.cpp
  debugoverlay_shared.cpp
  decals.cpp
  effect_dispatch_data.cpp
  ehandle.cpp
  entitylist_base.cpp
  env_detail_controller.cpp
  env_wind_shared.cpp
  achievements_ep1.cpp
  achievements_ep2.cpp
  achievements_epx.cpp
  eventlist.cpp
  func_ladder.cpp
  gamemovement.cpp
  gamerules.cpp
  gamerules_register.cpp
  gamestringpool.cpp
  gamevars_shared.cpp
  hintmessage.cpp
  hintsystem.cpp
  basehlcombatweapon_shared.cpp
  env_headcrabcanister_shared.cpp
  hl2_gamerules.cpp
  hl2_usermessages.cpp
  hl_gamemovement.cpp
  survival_gamerules.cpp
  igamesystem.cpp
  mapentities_shared.cpp
  movevars_shared.cpp
  mp_shareddefs.cpp
  multiplay_gamerules.cpp
  obstacle_pushaway.cpp
  particle_parse.cpp
  particlesystemquery.cpp
  physics_main_shared.cpp
  physics_saverestore.cpp
  physics_shared.cpp
  point_bonusmaps_accessor.cpp
  point_posecontroller.cpp
  precache_register.cpp
  predictableid.cpp
  props_shared.cpp
  querycache.cpp
  ragdoll_shared.cpp
  rope_helpers.cpp
  saverestore.cpp
  sceneentity_shared.cpp
  script_intro_shared.cpp
  sequence_Transitioner.cpp
  simtimer.cpp
  singleplay_gamerules.cpp
  soundenvelope.cpp
  studio_shared.cpp
  takedamageinfo.cpp
  teamplay_gamerules.cpp
  test_ehandle.cpp
  usercmd.cpp
  usermessages.cpp
  util_shared.cpp
  vehicle_viewblend_shared.cpp
  voice_gamemgr.cpp
  weapon_parse.cpp
  weapon_parse_default.cpp
  weapon_proficiency.cpp
  SoundParametersInternal.cpp
  haptic_msgs.cpp
  haptic_utils.cpp
  AI_Criteria.cpp
  AI_Interest_Target.cpp
  AI_ResponseSystem.cpp
  BaseAnimatingOverlay.cpp
  CRagdollMagnet.cpp
  CommentarySystem.cpp
  EffectsServer.cpp
  EntityDissolve.cpp
  EntityFlame.cpp
  EntityParticleTrail.cpp
  EnvBeam.cpp
  EnvFade.cpp
  EnvHudHint.cpp
  EnvLaser.cpp
  EnvMessage.cpp
  EnvShake.cpp
  EnvSpark.cpp
  EventLog.cpp
  MaterialModifyControl.cpp
  PointAngularVelocitySensor.cpp
  RagdollBoogie.cpp
  weapon_custom.cpp
  ServerNetworkProperty.cpp
  SkyCamera.cpp
  TemplateEntities.cpp
  WaterLODControl.cpp
  ai_activity.cpp
  ai_baseactor.cpp
  ai_basehumanoid.cpp
  ai_basenpc.cpp
  ai_basenpc_flyer.cpp
  ai_basenpc_flyer_new.cpp
  ai_basenpc_movement.cpp
  ai_basenpc_physicsflyer.cpp
  ai_basenpc_schedule.cpp
  ai_basenpc_squad.cpp
  ai_behavior.cpp
  ai_behavior_assault.cpp
  ai_behavior_fear.cpp
  ai_behavior_follow.cpp
  ai_behavior_lead.cpp
  ai_behavior_passenger.cpp
  ai_behavior_rappel.cpp
  ai_behavior_standoff.cpp
  ai_blended_movement.cpp
  ai_concommands.cpp
  ai_condition.cpp
  ai_default.cpp
  ai_dynamiclink.cpp
  ai_event.cpp
  ai_eventresponse.cpp
  ai_goalentity.cpp
  ai_hint.cpp
  ai_hull.cpp
  ai_initutils.cpp
  ai_link.cpp
  ai_localnavigator.cpp
  ai_looktarget.cpp
  ai_memory.cpp
  ai_motor.cpp
  ai_moveprobe.cpp
  ai_moveshoot.cpp
  ai_movesolver.cpp
  ai_namespaces.cpp
  ai_navigator.cpp
  ai_network.cpp
  ai_networkmanager.cpp
  ai_node.cpp
  ai_pathfinder.cpp
  ai_planesolver.cpp
  ai_playerally.cpp
  ai_relationship.cpp
  ai_route.cpp
  ai_saverestore.cpp
  ai_schedule.cpp
  ai_scriptconditions.cpp
  ai_senses.cpp
  ai_sentence.cpp
  ai_speech.cpp
  ai_speechfilter.cpp
  ai_squad.cpp
  ai_squadslot.cpp
  ai_tacticalservices.cpp
  ai_task.cpp
  ai_trackpather.cpp
  ai_utils.cpp
  ai_waypoint.cpp
  base_gameinterface.cpp
  base_transmit_proxy.cpp
  baseanimating.cpp
  basebludgeonweapon.cpp
  basecombatcharacter.cpp
  basecombatweapon.cpp
  baseentity.cpp
  baseflex.cpp
  basegrenade_concussion.cpp
  basegrenade_contact.cpp
  basegrenade_timed.cpp
  basemultiplayerplayer.cpp
  basetempentity.cpp
  baseviewmodel.cpp
  bitstring.cpp
  bmodels.cpp
  buttons.cpp
  cbase.cpp
  client.cpp
  colorcorrection.cpp
  colorcorrectionvolume.cpp
  controlentities.cpp
  cplane.cpp
  damagemodifier.cpp
  doors.cpp
  dynamiclight.cpp
  effects.cpp
  entity_tools_server.cpp
  entityblocker.cpp
  entitylist.cpp
  env_debughistory.cpp
  env_effectsscript.cpp
  env_entity_maker.cpp
  env_particlescript.cpp
  env_player_surface_trigger.cpp
  env_projectedtexture.cpp
  env_screenoverlay.cpp
  env_texturetoggle.cpp
  env_tonemap_controller.cpp
  env_zoom.cpp
  envmicrophone.cpp
  ai_behavior_alyx_injured.cpp
  ai_behavior_passenger_companion.cpp
  ai_behavior_passenger_zombie.cpp
  npc_advisor.cpp
  npc_combine_cannon.cpp
  npc_hunter.cpp
  npc_magnusson.cpp
  npc_puppet.cpp
  prop_scalable.cpp
  vehicle_jeep_episodic.cpp
  weapon_striderbuster.cpp
  event_tempentity_tester.cpp
  explode.cpp
  filters.cpp
  fire.cpp
  fire_smoke.cpp
  fish.cpp
  fogcontroller.cpp
  fourwheelvehiclephysics.cpp
  func_areaportal.cpp
  func_areaportalbase.cpp
  func_areaportalwindow.cpp
  func_break.cpp
  func_breakablesurf.cpp
  func_dust.cpp
  func_ladder_endpoint.cpp
  func_lod.cpp
  func_movelinear.cpp
  func_occluder.cpp
  func_reflective_glass.cpp
  func_smokevolume.cpp
  game.cpp
  game_ui.cpp
  gamedll_replay.cpp
  gameinterface.cpp
  gametrace_dll.cpp
  gameweaponmanager.cpp
  genericactor.cpp
  genericmonster.cpp
  gib.cpp
  globals.cpp
  globalstate.cpp
  grenadethrown.cpp
  guntarget.cpp
  h_ai.cpp
  h_cycler.cpp
  hierarchy.cpp
  Func_Monitor.cpp
  ai_allymanager.cpp
  ai_behavior_actbusy.cpp
  ai_behavior_functank.cpp
  ai_behavior_holster.cpp
  ai_behavior_operator.cpp
  ai_behavior_police.cpp
  ai_goal_police.cpp
  ai_spotlight.cpp
  antlion_dust.cpp
  antlion_maker.cpp
  ar2_explosion.cpp
  basehlcombatweapon.cpp
  cbasehelicopter.cpp
  cbasespriteprojectile.cpp
  citadel_effects.cpp
  combine_mine.cpp
  env_alyxemp.cpp
  env_headcrabcanister.cpp
  env_speaker.cpp
  env_starfield.cpp
  func_bulletshield.cpp
  func_recharge.cpp
  func_tank.cpp
  grenade_ar2.cpp
  grenade_beam.cpp
  grenade_bugbait.cpp
  grenade_frag.cpp
  grenade_homer.cpp
  grenade_pathfollower.cpp
  grenade_spit.cpp
  hl2_ai_network.cpp
  hl2_client.cpp
  hl2_eventlog.cpp
  hl2_player.cpp
  hl2_playerlocaldata.cpp
  hl2_triggers.cpp
  hl_playermove.cpp
  info_darknessmode_lightsource.cpp
  info_teleporter_countdown.cpp
  item_ammo.cpp
  item_battery.cpp
  item_dynamic_resupply.cpp
  item_healthkit.cpp
  item_itemcrate.cpp
  item_suit.cpp
  look_door.cpp
  monster_dummy.cpp
  npc_BaseZombie.cpp
  npc_PoisonZombie.cpp
  npc_alyx_episodic.cpp
  npc_antlion.cpp
  npc_antliongrub.cpp
  npc_antlionguard.cpp
  npc_apcdriver.cpp
  npc_attackchopper.cpp
  npc_barnacle.cpp
  npc_barney.cpp
  npc_basescanner.cpp
  npc_breen.cpp
  npc_bullseye.cpp
  npc_citizen17.cpp
  npc_combine.cpp
  npc_combinecamera.cpp
  npc_combinedropship.cpp
  npc_combinegunship.cpp
  npc_combines.cpp
  npc_cranedriver.cpp
  npc_crow.cpp
  npc_dog.cpp
  npc_eli.cpp
  npc_enemyfinder.cpp
  npc_fastzombie.cpp
  npc_fisherman.cpp
  npc_gman.cpp
  npc_headcrab.cpp
  npc_ichthyosaur.cpp
  npc_kleiner.cpp
  npc_launcher.cpp
  npc_manhack.cpp
  npc_metropolice.cpp
  npc_missiledefense.cpp
  npc_monk.cpp
  npc_mossman.cpp
  npc_playercompanion.cpp
  npc_rollermine.cpp
  npc_scanner.cpp
  npc_stalker.cpp
  npc_strider.cpp
  npc_turret_ceiling.cpp
  npc_turret_floor.cpp
  npc_turret_ground.cpp
  npc_vortigaunt_episodic.cpp
  npc_zombie.cpp
  npc_zombine.cpp
  point_apc_controller.cpp
  prop_combine_ball.cpp
  prop_thumper.cpp
  proto_sniper.cpp
  rotorwash.cpp
  script_intro.cpp
  te_gaussexplosion.cpp
  vehicle_airboat.cpp
  vehicle_apc.cpp
  vehicle_cannon.cpp
  vehicle_crane.cpp
  vehicle_jeep.cpp
  vehicle_prisoner_pod.cpp
  vehicle_viewcontroller.cpp
  weapon_357.cpp
  weapon_alyxgun.cpp
  weapon_annabelle.cpp
  weapon_ar2.cpp
  weapon_bugbait.cpp
  weapon_cguard.cpp
  weapon_citizenpackage.cpp
  weapon_crossbow.cpp
  weapon_crowbar.cpp
  weapon_flaregun.cpp
  weapon_frag.cpp
  weapon_physcannon.cpp
  weapon_pistol.cpp
  weapon_rpg.cpp
  weapon_shotgun.cpp
  weapon_smg1.cpp
  weapon_stunstick.cpp
  hltvdirector.cpp
  info_camera_link.cpp
  info_overlay_accessor.cpp
  intermission.cpp
  item_world.cpp
  lightglow.cpp
  lights.cpp
  logic_achievement.cpp
  logic_measure_movement.cpp
  logic_navigation.cpp
  logicauto.cpp
  logicentities.cpp
  logicrelay.cpp
  mapentities.cpp
  maprules.cpp
  message_entity.cpp
  modelentities.cpp
  monstermaker.cpp
  movehelper_server.cpp
  movement.cpp
  movie_explosion.cpp
  ndebugoverlay.cpp
  npc_talker.cpp
  npc_vehicledriver.cpp
  particle_fire.cpp
  particle_light.cpp
  particle_smokegrenade.cpp
  particle_system.cpp
  pathcorner.cpp
  pathtrack.cpp
  phys_controller.cpp
  physconstraint.cpp
  physics.cpp
  physics_bone_follower.cpp
  physics_cannister.cpp
  physics_fx.cpp
  physics_impact_damage.cpp
  physics_main.cpp
  physics_npc_solver.cpp
  physics_prop_ragdoll.cpp
  physobj.cpp
  plasma.cpp
  player.cpp
  player_command.cpp
  player_lagcompensation.cpp
  player_pickup.cpp
  player_resource.cpp
  playerinfomanager.cpp
  playerlocaldata.cpp
  plugin_check.cpp
  point_camera.cpp
  point_devshot_camera.cpp
  point_playermoveconstraint.cpp
  point_spotlight.cpp
  point_template.cpp
  pointanglesensor.cpp
  pointhurt.cpp
  pointteleport.cpp
  props.cpp
  ragdoll_manager.cpp
  recipientfilter.cpp
  rope.cpp
  saverestore_gamedll.cpp
  sceneentity.cpp
  scratchpad_gamedll_helpers.cpp
  scripted.cpp
  scriptedtarget.cpp
  sendproxy.cpp
  shadowcontrol.cpp
  slideshow_display.cpp
  smoke_trail.cpp
  smokestack.cpp
  sound.cpp
  soundent.cpp
  soundscape.cpp
  soundscape_system.cpp
  spotlightend.cpp
  sprite_perfmonitor.cpp
  steamjet.cpp
  subs.cpp
  sun.cpp
  tactical_mission.cpp
  tanktrain.cpp
  te.cpp
  te_armorricochet.cpp
  te_basebeam.cpp
  te_beamentpoint.cpp
  te_beaments.cpp
  te_beamfollow.cpp
  te_beamlaser.cpp
  te_beampoints.cpp
  te_beamring.cpp
  te_beamringpoint.cpp
  te_beamspline.cpp
  te_bloodsprite.cpp
  te_bloodstream.cpp
  te_breakmodel.cpp
  te_bspdecal.cpp
  te_bubbles.cpp
  te_bubbletrail.cpp
  te_clientprojectile.cpp
  te_decal.cpp
  te_dynamiclight.cpp
  te_effect_dispatch.cpp
  te_energysplash.cpp
  te_explosion.cpp
  te_fizz.cpp
  te_footprintdecal.cpp
  te_glassshatter.cpp
  te_glowsprite.cpp
  te_impact.cpp
  te_killplayerattachments.cpp
  te_largefunnel.cpp
  te_muzzleflash.cpp
  te_particlesystem.cpp
  te_physicsprop.cpp
  te_playerdecal.cpp
  te_projecteddecal.cpp
  te_showline.cpp
  te_smoke.cpp
  te_sparks.cpp
  te_sprite.cpp
  te_spritespray.cpp
  te_worlddecal.cpp
  team.cpp
  team_spawnpoint.cpp
  tempmonster.cpp
  tesla.cpp
  test_proxytoggle.cpp
  test_stressentities.cpp
  testfunctions.cpp
  testtraceline.cpp
  textstatsmgr.cpp
  timedeventmgr.cpp
  toolframework_server.cpp
  trains.cpp
  triggers.cpp
  util.cpp
  variant_t.cpp
  vehicle_base.cpp
  vehicle_baseserver.cpp
  vehicle_choreo_generic.cpp
  vguiscreen.cpp
  waterbullet.cpp
  wcedit.cpp
  weapon_cubemap.cpp
  weight_button.cpp
  world.cpp
  GameStats_BasicStatsFunctions.cpp
  ep1_gamestats.cpp
  ep2_gamestats.cpp
     Creating library .\Release_mod_episodic\server.lib and object .\Release_mod_episodic\server.exp
  server_episodic.vcxproj -> C:\SourceSDK.Source_Code\SirMasters_Mod\src\game\server\.\Release_mod_episodic\server.dll
          1 file(s) copied.
          1 file(s) copied.
