  SpriteTrail.cpp
  script_intro_shared.cpp
  usermessages.cpp
  basetempentity.cpp
  entity_tools_server.cpp
  npc_hunter.cpp
  npc_magnusson.cpp
  npc_puppet.cpp
  prop_scalable.cpp
  vehicle_jeep_episodic.cpp
  weapon_striderbuster.cpp
  event_tempentity_tester.cpp
  grenade_beam.cpp
  grenade_homer.cpp
  grenade_pathfollower.cpp
  npc_PoisonZombie.cpp
  npc_citizen17.cpp
  npc_combine.cpp
  npc_combinecamera.cpp
  npc_combinedropship.cpp
  npc_combinegunship.cpp
  npc_combines.cpp
  npc_cranedriver.cpp
  npc_crow.cpp
  npc_dog.cpp
  npc_eli.cpp
  npc_enemyfinder.cpp
  npc_fastzombie.cpp
  npc_fisherman.cpp
  npc_gman.cpp
  npc_headcrab.cpp
  npc_ichthyosaur.cpp
  npc_kleiner.cpp
  npc_launcher.cpp
  npc_manhack.cpp
  npc_metropolice.cpp
  npc_missiledefense.cpp
  npc_monk.cpp
  npc_mossman.cpp
  npc_playercompanion.cpp
  npc_rollermine.cpp
  npc_scanner.cpp
  npc_stalker.cpp
  npc_strider.cpp
  npc_turret_ceiling.cpp
  npc_turret_floor.cpp
  npc_turret_ground.cpp
  npc_vortigaunt_episodic.cpp
  npc_zombie.cpp
  npc_zombine.cpp
  point_apc_controller.cpp
  prop_combine_ball.cpp
  prop_thumper.cpp
  proto_sniper.cpp
  rotorwash.cpp
  script_intro.cpp
  te_gaussexplosion.cpp
  vehicle_airboat.cpp
  vehicle_apc.cpp
  vehicle_cannon.cpp
  vehicle_crane.cpp
  vehicle_jeep.cpp
  vehicle_prisoner_pod.cpp
  vehicle_viewcontroller.cpp
  weapon_357.cpp
  weapon_alyxgun.cpp
  weapon_annabelle.cpp
  weapon_ar2.cpp
  weapon_bugbait.cpp
  weapon_cguard.cpp
  weapon_citizenpackage.cpp
  weapon_crossbow.cpp
  weapon_crowbar.cpp
  weapon_flaregun.cpp
  weapon_frag.cpp
  weapon_physcannon.cpp
  weapon_pistol.cpp
  weapon_rpg.cpp
  weapon_shotgun.cpp
  weapon_smg1.cpp
  weapon_stunstick.cpp
  movie_explosion.cpp
  npc_talker.cpp
  particle_fire.cpp
  particle_smokegrenade.cpp
  plasma.cpp
  props.cpp
  smoke_trail.cpp
  smokestack.cpp
  steamjet.cpp
  te.cpp
  te_armorricochet.cpp
  te_basebeam.cpp
  te_beamentpoint.cpp
  te_beaments.cpp
  te_beamfollow.cpp
  te_beamlaser.cpp
  te_beampoints.cpp
  te_beamring.cpp
  te_beamringpoint.cpp
  te_beamspline.cpp
  te_bloodsprite.cpp
  te_bloodstream.cpp
  te_breakmodel.cpp
  te_bspdecal.cpp
  te_bubbles.cpp
  te_bubbletrail.cpp
  te_clientprojectile.cpp
  te_decal.cpp
  te_dynamiclight.cpp
  te_effect_dispatch.cpp
  te_energysplash.cpp
  te_explosion.cpp
  te_fizz.cpp
  te_footprintdecal.cpp
  te_glassshatter.cpp
  te_glowsprite.cpp
  te_impact.cpp
  te_killplayerattachments.cpp
  te_largefunnel.cpp
  te_muzzleflash.cpp
  te_particlesystem.cpp
  te_physicsprop.cpp
  te_playerdecal.cpp
  te_projecteddecal.cpp
  te_showline.cpp
  te_smoke.cpp
  te_sparks.cpp
  te_sprite.cpp
  te_spritespray.cpp
  te_worlddecal.cpp
  toolframework_server.cpp
  weapon_cubemap.cpp
  bone_setup.cpp
  collisionutils.cpp
  dt_send.cpp
  dt_utlvector_common.cpp
  dt_utlvector_send.cpp
  editor_sendcommand.cpp
  filesystem_helpers.cpp
  gamehandle.cpp
  GameStats_BasicStatsFunctions.cpp
  h_export.cpp
  init_factory.cpp
  interpolatortypes.cpp
  interval.cpp
  keyframe.cpp
  language.cpp
  map_utils.cpp
  memoverride.cpp
  networkvar.cpp
  randoverride.cpp
  registry.cpp
  rope_physics.cpp
  scratchpad3d.cpp
  ScratchPadUtils.cpp
  server_class.cpp
  sheetsimulator.cpp
  simple_physics.cpp
  stringregistry.cpp
  studio.cpp
  ep1_gamestats.cpp
  ep2_gamestats.cpp
     Creating library .\Release_mod_episodic\server.lib and object .\Release_mod_episodic\server.exp
  server_episodic-2010.vcxproj -> C:\SourceSDK.Source_Code\sp\src\game\server\.\Release_mod_episodic\server.dll
          1 file(s) copied.
          1 file(s) copied.
